<?xml version="1.0" encoding="UTF-8"?>
<testsuite xmlns:xsi="http://www.w3.org/2001/XMLSchema-instance" xsi:noNamespaceSchemaLocation="https://maven.apache.org/surefire/maven-surefire-plugin/xsd/surefire-test-report-3.0.xsd" version="3.0" name="HttpServerTest" time="0.141" tests="5" errors="0" skipped="0" failures="0">
  <properties>
[...]
</properties>
  <testcase name="testGetTasks" classname="HttpServerTest" time="0.096"/>
  <testcase name="testAddTask" classname="HttpServerTest" time="0.001"/>
  <testcase name="testDeleteTask" classname="HttpServerTest" time="0.003"/>
  <testcase name="testMetodoNoSoportado" classname="HttpServerTest" time="0.002"/>
  <testcase name="testResetTasks" classname="HttpServerTest" time="0.002"/>
</testsuite>